Build started 1/22/2012 10:13:56 PM.
     1>Project "E:\CMPE\Hangman\HangmanGame\HangmanGame\HangmanGame.vcxproj" on node 2 (build target(s)).
     1>InitializeBuildStatus:
         Creating "Debug\HangmanGame.unsuccessfulbuild" because "AlwaysCreate" was specified.
       ClCompile:
         All outputs are up-to-date.
       Link:
         C:\Program Files (x86)\Microsoft Visual Studio 10.0\VC\bin\link.exe /ERRORREPORT:PROMPT /OUT:"E:\CMPE\Hangman\HangmanGame\Debug\HangmanGame.exe" /NOLOGO kernel32.lib user32.lib gdi32.lib winspool.lib comdlg32.lib advapi32.lib shell32.lib ole32.lib oleaut32.lib uuid.lib odbc32.lib odbccp32.lib /MANIFEST /ManifestFile:"Debug\HangmanGame.exe.intermediate.manifest" /MANIFESTUAC:"level='asInvoker' uiAccess='false'" /DEBUG /PDB:"E:\CMPE\Hangman\HangmanGame\Debug\HangmanGame.pdb" /TLBID:1 /DYNAMICBASE /NXCOMPAT /IMPLIB:"E:\CMPE\Hangman\HangmanGame\Debug\HangmanGame.lib" /MACHINE:X86 Debug\filedb.obj
         Debug\gallows.obj
         Debug\main.obj
         LINK : E:\CMPE\Hangman\HangmanGame\Debug\HangmanGame.exe not found or not built by the last incremental link; performing full link
         HangmanGame.vcxproj -> E:\CMPE\Hangman\HangmanGame\Debug\HangmanGame.exe
       Manifest:
         C:\Program Files (x86)\Microsoft SDKs\Windows\v7.0A\bin\mt.exe /nologo /verbose /outputresource:"E:\CMPE\Hangman\HangmanGame\Debug\HangmanGame.exe;#1" /manifest Debug\HangmanGame.exe.intermediate.manifest
       FinalizeBuildStatus:
         Deleting file "Debug\HangmanGame.unsuccessfulbuild".
         Touching "Debug\HangmanGame.lastbuildstate".
     1>Done Building Project "E:\CMPE\Hangman\HangmanGame\HangmanGame\HangmanGame.vcxproj" (build target(s)).

Build succeeded.

Time Elapsed 00:00:01.34
